Keyboard logger: press keys (Esc 3x in a row to exit).
   ascii=00 scancode=68 shift: Alt
                        ext: LAlt
   ascii=00 scancode=69 shift: Alt
                        ext: LAlt
   ascii=00 scancode=6A shift: Alt
                        ext: LAlt
   ascii=00 scancode=6B shift: Alt
                        ext: LAlt
   ascii=00 scancode=6C shift: Alt
                        ext: LAlt
   ascii=00 scancode=6D shift: Alt
                        ext: LAlt
   ascii=00 scancode=6E shift: Alt
                        ext: LAlt
   ascii=00 scancode=6F shift: Alt
                        ext: LAlt
   ascii=00 scancode=70 shift: Alt
                        ext: LAlt
   ascii=00 scancode=71 shift: Alt
                        ext: LAlt
   ascii=00 scancode=78 shift: Alt
                        ext: LAlt
   ascii=00 scancode=79 shift: Alt
                        ext: LAlt
   ascii=00 scancode=7A shift: Alt
                        ext: LAlt
   ascii=00 scancode=7B shift: Alt
                        ext: LAlt
   ascii=00 scancode=7C shift: Alt
                        ext: LAlt
   ascii=00 scancode=7D shift: Alt
                        ext: LAlt
   ascii=00 scancode=7E shift: Alt
                        ext: LAlt
   ascii=00 scancode=7F shift: Alt
                        ext: LAlt
   ascii=00 scancode=80 shift: Alt
                        ext: LAlt
   ascii=00 scancode=81 shift: Alt
                        ext: LAlt
   ascii=00 scancode=82 shift: Alt
                        ext: LAlt
   ascii=00 scancode=83 shift: Alt
                        ext: LAlt
   ascii=00 scancode=10 shift: Alt
                        ext: LAlt
   ascii=00 scancode=11 shift: Alt
                        ext: LAlt
   ascii=00 scancode=12 shift: Alt
                        ext: LAlt
   ascii=00 scancode=13 shift: Alt
                        ext: LAlt
   ascii=00 scancode=14 shift: Alt
                        ext: LAlt
   ascii=00 scancode=15 shift: Alt
                        ext: LAlt
   ascii=00 scancode=16 shift: Alt
                        ext: LAlt
   ascii=00 scancode=17 shift: Alt
                        ext: LAlt
   ascii=00 scancode=18 shift: Alt
                        ext: LAlt
   ascii=00 scancode=19 shift: Alt
                        ext: LAlt
   ascii=00 scancode=1E shift: Alt
                        ext: LAlt
   ascii=00 scancode=1F shift: Alt
                        ext: LAlt
   ascii=00 scancode=20 shift: Alt
                        ext: LAlt
   ascii=00 scancode=21 shift: Alt
                        ext: LAlt
   ascii=00 scancode=22 shift: Alt
                        ext: LAlt
   ascii=00 scancode=23 shift: Alt
                        ext: LAlt
   ascii=00 scancode=24 shift: Alt
                        ext: LAlt
   ascii=00 scancode=25 shift: Alt
                        ext: LAlt
   ascii=00 scancode=26 shift: Alt
                        ext: LAlt
   ascii=00 scancode=2C shift: Alt
                        ext: LAlt
   ascii=00 scancode=2D shift: Alt
                        ext: LAlt
   ascii=00 scancode=2E shift: Alt
                        ext: LAlt
   ascii=00 scancode=2F shift: Alt
                        ext: LAlt
   ascii=00 scancode=30 shift: Alt
                        ext: LAlt
   ascii=00 scancode=31 shift: Alt
                        ext: LAlt
   ascii=00 scancode=32 shift: Alt
                        ext: LAlt
   ascii=20 scancode=39 shift: Alt
                        ext: LAlt
