00001                                           ; Generated by c86 (as86) 5.2.0 (dev) from hello.i
00002                                           	USE16	86
00003 0000                                      	.data
00004                       00000000>           .L1:
00005 0000                        48            	.ascii	"Hello XT!"
00006 0009                        0A            	.byte	0xa,0x0
00007 0000                                      	.text
00008 0000                  00000002            	.align	2
00009                                           	.global	_main
00010                       00000000>           _main:
00011                                           	; Line	4, {
00012 0000           55                         	push	bp
00013 0001           89E5                       	mov	bp, sp
00014                                           	; Line	5,     printf("Hello XT!\n");
00015 0003           B8                   0000> 	mov	ax, #.L1
00016 0006           50                         	push	ax
00017 0007           E8         0000>           	call	_printf
00018 000A           89EC                       	mov	sp, bp
00019 000C           5D                         	pop	bp
00020 000D           C3                         	ret
00021                                           	.extern	_printf
00022 000B                                      	.data

Symbols:
.L1                         7 0000 R   
_main                       3 0000 R E 
_printf                     3 0000 R I 

00000 errors
00000 warnings
